GROUP,PACKAGE,CLASS,INSTRUCTION_MISSED,INSTRUCTION_COVERED,BRANCH_MISSED,BRANCH_COVERED,LINE_MISSED,LINE_COVERED,COMPLEXITY_MISSED,COMPLEXITY_COVERED,METHOD_MISSED,METHOD_COVERED
example1,com.luxoft.javabdd.bank,Customer,15,0,0,0,6,0,3,0,3,0
example1,com.luxoft.javabdd.bank,BusinessCreditOffer,16,0,2,0,6,0,4,0,3,0
example1,com.luxoft.javabdd.bank,EconomyCreditOffer,19,0,2,0,6,0,4,0,3,0
example1,com.luxoft.javabdd.bank,CreditOffer,18,0,0,0,6,0,3,0,3,0
example1,com.luxoft.javabdd.bank,Bank,80,0,4,0,18,0,4,0,2,0
